Arguments: 
  /usr/local/bin/node /opt/yarn-v1.22.19/bin/yarn.js add

PATH: 
  /project/home/davemaier/.nix-profile/bin:/nix/var/nix/profiles/default/bin:/project/home/davemaier/.vscode-server/bin/97dec172d3256f8ca4bfb2143f3f76b503ca0534/bin/remote-cli:/opt/pitcher/bin:/project/home/davemaier/.nix-profile/bin:/nix/var/nix/profiles/default/bin:/usr/local/bin:/usr/bin:/bin:/usr/local/games:/usr/games

Yarn version: 
  1.22.19

Node version: 
  16.17.0

Platform: 
  linux x64

Trace: 
  SyntaxError: /project/home/davemaier/workspace/package.json: Unexpected string in JSON at position 243
      at JSON.parse (<anonymous>)
      at /opt/yarn-v1.22.19/lib/cli.js:1629:59
      at Generator.next (<anonymous>)
      at step (/opt/yarn-v1.22.19/lib/cli.js:310:30)
      at /opt/yarn-v1.22.19/lib/cli.js:321:13

npm manifest: 
  {
    "name": "workspace",
    "version": "1.0.0",
    "main": "index.js",
    "repository": "https://github.com/davemaier/codesandboxTest.git",
    "author": "davemaier <david.maier@atempo.at>",
    "license": "MIT",
    "scripts":{
      "build": "tsc"
      "dev": "nodemon --watch src --exec ts-node src/index.ts"
    },
    "dependencies": {
      "typescript": "^4.9.4"
    }
  }

yarn manifest: 
  No manifest

Lockfile: 
  # THIS IS AN AUTOGENERATED FILE. DO NOT EDIT THIS FILE DIRECTLY.
  # yarn lockfile v1
  
  
  typescript@^4.9.4:
    version "4.9.4"
    resolved "https://registry.yarnpkg.com/typescript/-/typescript-4.9.4.tgz#a2a3d2756c079abda241d75f149df9d561091e78"
    integrity sha512-Uz+dTXYzxXXbsFpM86Wh3dKCxrQqUcVMxwU54orwlJjOpO3ao8L7j5lH+dWfTwgCwIuM9GQ2kvVotzYJMXTBZg==
